## Footprint report - date Sunday, July 01, 2018 at 08:50:49 PM
## Created by Pcbnew version kicad (5.0.0-rc2-dev-26-g0d794b2)
## Unit = mm, Angle = deg.

$BeginDESCRIPTION

$BOARD
upper_left_corner 41.676000 37.357000
lower_right_corner 214.093441 207.270001
$EndBOARD

$MODULE "X1"
reference "X1"
value "Badgelife_shitty_connector"
footprint "Socket_Strips:Socket_Strip_Straight_2x02_Pitch2.54mm_SMD"
attribut smd
position 126.629113 122.132157  orientation 0.00
layer back
$PAD "2"
Shape Rect Layer back
position  2.520000  1.270000  size  3.000000  1.000000  orientation 0.00
drill  0.000000
shape_offset  0.000000  0.000000
$EndPAD
$PAD "3"
Shape Rect Layer back
position -2.520000  1.270000  size  3.000000  1.000000  orientation 0.00
drill  0.000000
shape_offset  0.000000  0.000000
$EndPAD
$PAD "1"
Shape Rect Layer back
position  2.520000 -1.270000  size  3.000000  1.000000  orientation 0.00
drill  0.000000
shape_offset  0.000000  0.000000
$EndPAD
$PAD "4"
Shape Rect Layer back
position -2.520000 -1.270000  size  3.000000  1.000000  orientation 0.00
drill  0.000000
shape_offset  0.000000  0.000000
$EndPAD
$EndMODULE  X1

$MODULE "XA1"
reference "XA1"
value "Arduino_Uno_Shield"
footprint "Skull_badge:UNO_headersICSP"
attribut none
position 88.802000 159.486000  orientation 0.00
layer front
$PAD "A5"
Shape Oval Layer both
position 63.500000 -2.540000  size  2.540000  1.524000  orientation 90.00
drill  1.016000
shape_offset  0.000000  0.000000
$EndPAD
$PAD "A4"
Shape Oval Layer both
position 60.960000 -2.540000  size  2.540000  1.524000  orientation 90.00
drill  1.016000
shape_offset  0.000000  0.000000
$EndPAD
$PAD "A3"
Shape Oval Layer both
position 58.420000 -2.540000  size  2.540000  1.524000  orientation 90.00
drill  1.016000
shape_offset  0.000000  0.000000
$EndPAD
$PAD "A0"
Shape Oval Layer both
position 50.800000 -2.540000  size  2.540000  1.524000  orientation 90.00
drill  1.016000
shape_offset  0.000000  0.000000
$EndPAD
$PAD "A1"
Shape Oval Layer both
position 53.340000 -2.540000  size  2.540000  1.524000  orientation 90.00
drill  1.016000
shape_offset  0.000000  0.000000
$EndPAD
$PAD "A2"
Shape Oval Layer both
position 55.880000 -2.540000  size  2.540000  1.524000  orientation 90.00
drill  1.016000
shape_offset  0.000000  0.000000
$EndPAD
$PAD "VIN"
Shape Oval Layer both
position 45.720000 -2.540000  size  2.540000  1.524000  orientation 90.00
drill  1.016000
shape_offset  0.000000  0.000000
$EndPAD
$PAD "GND2"
Shape Oval Layer both
position 43.180000 -2.540000  size  2.540000  1.524000  orientation 90.00
drill  1.016000
shape_offset  0.000000  0.000000
$EndPAD
$PAD "GND1"
Shape Oval Layer both
position 40.640000 -2.540000  size  2.540000  1.524000  orientation 90.00
drill  1.016000
shape_offset  0.000000  0.000000
$EndPAD
$PAD "3V3"
Shape Oval Layer both
position 35.560000 -2.540000  size  2.540000  1.524000  orientation 90.00
drill  1.016000
shape_offset  0.000000  0.000000
$EndPAD
$PAD "RST"
Shape Oval Layer both
position 33.020000 -2.540000  size  2.540000  1.524000  orientation 90.00
drill  1.016000
shape_offset  0.000000  0.000000
$EndPAD
$PAD "D0"
Shape Oval Layer both
position 63.500000 -50.800000  size  2.540000  1.524000  orientation 90.00
drill  1.016000
shape_offset  0.000000  0.000000
$EndPAD
$PAD "D1"
Shape Oval Layer both
position 60.960000 -50.800000  size  2.540000  1.524000  orientation 90.00
drill  1.016000
shape_offset  0.000000  0.000000
$EndPAD
$PAD "D2"
Shape Oval Layer both
position 58.420000 -50.800000  size  2.540000  1.524000  orientation 90.00
drill  1.016000
shape_offset  0.000000  0.000000
$EndPAD
$PAD "D3"
Shape Oval Layer both
position 55.880000 -50.800000  size  2.540000  1.524000  orientation 90.00
drill  1.016000
shape_offset  0.000000  0.000000
$EndPAD
$PAD "D4"
Shape Oval Layer both
position 53.340000 -50.800000  size  2.540000  1.524000  orientation 90.00
drill  1.016000
shape_offset  0.000000  0.000000
$EndPAD
$PAD "D5"
Shape Oval Layer both
position 50.800000 -50.800000  size  2.540000  1.524000  orientation 90.00
drill  1.016000
shape_offset  0.000000  0.000000
$EndPAD
$PAD "D6"
Shape Oval Layer both
position 48.260000 -50.800000  size  2.540000  1.524000  orientation 90.00
drill  1.016000
shape_offset  0.000000  0.000000
$EndPAD
$PAD "D7"
Shape Oval Layer both
position 45.720000 -50.800000  size  2.540000  1.524000  orientation 90.00
drill  1.016000
shape_offset  0.000000  0.000000
$EndPAD
$PAD "D8"
Shape Oval Layer both
position 41.656000 -50.800000  size  2.540000  1.524000  orientation 90.00
drill  1.016000
shape_offset  0.000000  0.000000
$EndPAD
$PAD "D9"
Shape Oval Layer both
position 39.116000 -50.800000  size  2.540000  1.524000  orientation 90.00
drill  1.016000
shape_offset  0.000000  0.000000
$EndPAD
$PAD "D10"
Shape Oval Layer both
position 36.576000 -50.800000  size  2.540000  1.524000  orientation 90.00
drill  1.016000
shape_offset  0.000000  0.000000
$EndPAD
$PAD "D11"
Shape Oval Layer both
position 34.036000 -50.800000  size  2.540000  1.524000  orientation 90.00
drill  1.016000
shape_offset  0.000000  0.000000
$EndPAD
$PAD "D12"
Shape Oval Layer both
position 31.496000 -50.800000  size  2.540000  1.524000  orientation 90.00
drill  1.016000
shape_offset  0.000000  0.000000
$EndPAD
$PAD "D13"
Shape Oval Layer both
position 28.956000 -50.800000  size  2.540000  1.524000  orientation 90.00
drill  1.016000
shape_offset  0.000000  0.000000
$EndPAD
$PAD "GND3"
Shape Oval Layer both
position 26.416000 -50.800000  size  2.540000  1.524000  orientation 90.00
drill  1.016000
shape_offset  0.000000  0.000000
$EndPAD
$PAD "AREF"
Shape Oval Layer both
position 23.876000 -50.800000  size  2.540000  1.524000  orientation 90.00
drill  1.016000
shape_offset  0.000000  0.000000
$EndPAD
$PAD "5V"
Shape Oval Layer both
position 38.100000 -2.540000  size  2.540000  1.524000  orientation 90.00
drill  1.016000
shape_offset  0.000000  0.000000
$EndPAD
$PAD "SDA"
Shape Oval Layer both
position 21.336000 -50.800000  size  2.540000  1.524000  orientation 90.00
drill  1.016000
shape_offset  0.000000  0.000000
$EndPAD
$PAD "SCL"
Shape Oval Layer both
position 18.796000 -50.800000  size  2.540000  1.524000  orientation 90.00
drill  1.016000
shape_offset  0.000000  0.000000
$EndPAD
$PAD "IO"
Shape Oval Layer both
position 30.480000 -2.540000  size  2.540000  1.524000  orientation 90.00
drill  1.016000
shape_offset  0.000000  0.000000
$EndPAD
$PAD "NC"
Shape Oval Layer both
position 27.940000 -2.540000  size  2.540000  1.524000  orientation 90.00
drill  1.016000
shape_offset  0.000000  0.000000
$EndPAD
$PAD "SP1"
Shape Circle Layer both
position 63.500000 -30.480000  size  1.524000  1.524000  orientation 90.00
drill  1.016000
shape_offset  0.000000  0.000000
$EndPAD
$PAD "SP2"
Shape Circle Layer both
position 66.040000 -30.480000  size  1.524000  1.524000  orientation 90.00
drill  1.016000
shape_offset  0.000000  0.000000
$EndPAD
$PAD "SP3"
Shape Circle Layer both
position 63.500000 -27.940000  size  1.524000  1.524000  orientation 90.00
drill  1.016000
shape_offset  0.000000  0.000000
$EndPAD
$PAD "SP4"
Shape Circle Layer both
position 66.040000 -27.940000  size  1.524000  1.524000  orientation 90.00
drill  1.016000
shape_offset  0.000000  0.000000
$EndPAD
$PAD "SP5"
Shape Circle Layer both
position 63.500000 -25.400000  size  1.524000  1.524000  orientation 90.00
drill  1.016000
shape_offset  0.000000  0.000000
$EndPAD
$PAD "SP6"
Shape Circle Layer both
position 66.040000 -25.400000  size  1.524000  1.524000  orientation 90.00
drill  1.016000
shape_offset  0.000000  0.000000
$EndPAD
$EndMODULE  XA1

$MODULE "J2"
reference "J2"
value "LiPo"
footprint "Skull_badge:JST_PH_S2B-PH-K_02x2.00mm_Angled"
attribut none
position 136.046000 80.238000  orientation 0.00
layer front
$PAD "1"
Shape Rect Layer both
position  0.000000  0.000000  size  1.500000  1.500000  orientation 0.00
drill  1.000000
shape_offset  0.000000  0.000000
$EndPAD
$PAD "2"
Shape Oval Layer both
position  2.000000  0.000000  size  1.750000  1.750000  orientation 0.00
drill  1.000000
shape_offset  0.000000  0.000000
$EndPAD
$EndMODULE  J2

$MODULE "F1"
reference "F1"
value "Fuse"
footprint "Skull_badge:Fuse_SMD2920"
attribut smd
position 148.654113 86.707157  orientation 180.00
layer front
$PAD "1"
Shape Rect Layer front
position -3.700000  0.000000  size  5.600000  2.300000  orientation 90.00
drill  0.000000
shape_offset  0.000000  0.000000
$EndPAD
$PAD "2"
Shape Rect Layer front
position  3.700000  0.000000  size  5.600000  2.300000  orientation 90.00
drill  0.000000
shape_offset  0.000000  0.000000
$EndPAD
$EndMODULE  F1

$MODULE "REF**"
reference "REF**"
value "Motor_Mount_Holes"
footprint "Skull_badge:Motor_Mount_Holes"
attribut none
position 199.750000 50.000000  orientation 135.00
layer front
$EndMODULE  REF**

$MODULE "U12"
reference "U12"
value "WS2812B"
footprint "LEDs:LED_WS2812B-PLCC4_LG_PADS"
attribut smd
position 159.922000 85.826000  orientation 315.00
layer back
$PAD "3"
Shape Rect Layer back
position  2.500000 -2.100000  size  2.000000  2.000000  orientation 0.00
drill  0.000000
shape_offset  0.000000  0.000000
$EndPAD
$PAD "4"
Shape Rect Layer back
position  2.600001  2.200000  size  2.000000  2.000000  orientation 0.00
drill  0.000000
shape_offset  0.000000  0.000000
$EndPAD
$PAD "2"
Shape Rect Layer back
position -2.041226 -1.662377  size  2.000000  2.000000  orientation 0.00
drill  0.000000
shape_offset  0.000000  0.000000
$EndPAD
$PAD "1"
Shape Rect Layer back
position -2.041227  2.580264  size  2.000000  2.000000  orientation 0.00
drill  0.000000
shape_offset  0.000000  0.000000
$EndPAD
$EndMODULE  U12

$MODULE "U23"
reference "U23"
value "WS2812B"
footprint "LED_WS2812B-PLCC4_LG_PADS"
attribut smd
position 70.260000 64.490000  orientation 45.00
layer back
$PAD "3"
Shape Rect Layer back
position  2.500000 -2.100000  size  2.000000  2.000000  orientation 0.00
drill  0.000000
shape_offset  0.000000  0.000000
$EndPAD
$PAD "4"
Shape Rect Layer back
position  2.600001  2.200000  size  2.000000  2.000000  orientation 0.00
drill  0.000000
shape_offset  0.000000  0.000000
$EndPAD
$PAD "2"
Shape Rect Layer back
position -2.500000 -2.100000  size  2.000000  2.000000  orientation 0.00
drill  0.000000
shape_offset  0.000000  0.000000
$EndPAD
$PAD "1"
Shape Rect Layer back
position -2.600000  2.300000  size  2.000000  2.000000  orientation 0.00
drill  0.000000
shape_offset  0.000000  0.000000
$EndPAD
$EndMODULE  U23

$MODULE "SW9"
reference "SW9"
value "SW_Push"
footprint "Skull_badge:smd_push"
attribut none
position 140.618000 167.614000  orientation 90.00
layer back
$PAD "1"
Shape Rect Layer back
position -3.599180  0.000000  size  1.000760  1.000760  orientation 0.00
drill  0.000000
shape_offset  0.000000  0.000000
$EndPAD
$PAD "2"
Shape Rect Layer back
position  3.599180  0.000000  size  1.000760  1.000760  orientation 0.00
drill  0.000000
shape_offset  0.000000  0.000000
$EndPAD
$EndMODULE  SW9

$MODULE "SW8"
reference "SW8"
value "SW_Push"
footprint "Skull_badge:smd_push"
attribut none
position 134.014000 168.122000  orientation 90.00
layer back
$PAD "1"
Shape Rect Layer back
position -3.599180  0.000000  size  1.000760  1.000760  orientation 0.00
drill  0.000000
shape_offset  0.000000  0.000000
$EndPAD
$PAD "2"
Shape Rect Layer back
position  3.599180  0.000000  size  1.000760  1.000760  orientation 0.00
drill  0.000000
shape_offset  0.000000  0.000000
$EndPAD
$EndMODULE  SW8

$MODULE "SW7"
reference "SW7"
value "SW_Push"
footprint "Skull_badge:smd_push"
attribut none
position 127.918000 167.614000  orientation 90.00
layer back
$PAD "1"
Shape Rect Layer back
position -3.599180  0.000000  size  1.000760  1.000760  orientation 0.00
drill  0.000000
shape_offset  0.000000  0.000000
$EndPAD
$PAD "2"
Shape Rect Layer back
position  3.599180  0.000000  size  1.000760  1.000760  orientation 0.00
drill  0.000000
shape_offset  0.000000  0.000000
$EndPAD
$EndMODULE  SW7

$MODULE "SW6"
reference "SW6"
value "SW_Push"
footprint "Skull_badge:smd_push"
attribut none
position 121.822000 167.614000  orientation 90.00
layer back
$PAD "1"
Shape Rect Layer back
position -3.599180  0.000000  size  1.000760  1.000760  orientation 0.00
drill  0.000000
shape_offset  0.000000  0.000000
$EndPAD
$PAD "2"
Shape Rect Layer back
position  3.599180  0.000000  size  1.000760  1.000760  orientation 0.00
drill  0.000000
shape_offset  0.000000  0.000000
$EndPAD
$EndMODULE  SW6

$MODULE "SW5"
reference "SW5"
value "SW_Push"
footprint "Skull_badge:smd_push"
attribut none
position 115.218000 168.630000  orientation 90.00
layer back
$PAD "1"
Shape Rect Layer back
position -3.599180  0.000000  size  1.000760  1.000760  orientation 0.00
drill  0.000000
shape_offset  0.000000  0.000000
$EndPAD
$PAD "2"
Shape Rect Layer back
position  3.599180  0.000000  size  1.000760  1.000760  orientation 0.00
drill  0.000000
shape_offset  0.000000  0.000000
$EndPAD
$EndMODULE  SW5

$MODULE "SW4"
reference "SW4"
value "SW_Push"
footprint "Skull_badge:smd_push"
attribut none
position 108.106000 168.122000  orientation 90.00
layer back
$PAD "1"
Shape Rect Layer back
position -3.599180  0.000000  size  1.000760  1.000760  orientation 0.00
drill  0.000000
shape_offset  0.000000  0.000000
$EndPAD
$PAD "2"
Shape Rect Layer back
position  3.599180  0.000000  size  1.000760  1.000760  orientation 0.00
drill  0.000000
shape_offset  0.000000  0.000000
$EndPAD
$EndMODULE  SW4

$MODULE "REF**"
reference "REF**"
value "Motor_Mount_Holes"
footprint "Skull_badge:Motor_Mount_Holes"
attribut none
position 55.000000 50.000000  orientation 225.00
layer front
$EndMODULE  REF**

$MODULE "J1"
reference "J1"
value "USB_OTG"
footprint "Skull_badge:USB_Micro-B_10103594-0001LF"
attribut smd
position 124.362000 75.602500  orientation 180.00
layer front
$PAD "1"
Shape Rect Layer front
position -1.300000 -1.500000  size  1.650000  0.400000  orientation 90.00
drill  0.000000
shape_offset  0.000000  0.000000
$EndPAD
$PAD "2"
Shape Rect Layer front
position -0.650000 -1.500000  size  1.650000  0.400000  orientation 90.00
drill  0.000000
shape_offset  0.000000  0.000000
$EndPAD
$PAD "3"
Shape Rect Layer front
position  0.000000 -1.500000  size  1.650000  0.400000  orientation 90.00
drill  0.000000
shape_offset  0.000000  0.000000
$EndPAD
$PAD "4"
Shape Rect Layer front
position  0.650000 -1.500000  size  1.650000  0.400000  orientation 90.00
drill  0.000000
shape_offset  0.000000  0.000000
$EndPAD
$PAD "5"
Shape Rect Layer front
position  1.300000 -1.500000  size  1.650000  0.400000  orientation 90.00
drill  0.000000
shape_offset  0.000000  0.000000
$EndPAD
$PAD "6"
Shape Oval Layer both
position -2.420000 -1.620000  size  1.500000  1.100000  orientation 90.00
drill  1.050000
shape_offset  0.000000  0.000000
$EndPAD
$PAD "6"
Shape Oval Layer both
position  2.420000 -1.620000  size  1.500000  1.100000  orientation 90.00
drill  1.050000
shape_offset  0.000000  0.000000
$EndPAD
$PAD "6"
Shape Oval Layer both
position -2.730000  1.380000  size  1.700000  1.200000  orientation 90.00
drill  1.200000
shape_offset  0.000000  0.000000
$EndPAD
$PAD "6"
Shape Oval Layer both
position  2.730000  1.380000  size  1.700000  1.200000  orientation 90.00
drill  1.200000
shape_offset  0.000000  0.000000
$EndPAD
$PAD "6"
Shape Rect Layer front
position -0.960000  1.620000  size  2.500000  1.430000  orientation 90.00
drill  0.000000
shape_offset  0.000000  0.000000
$EndPAD
$PAD "6"
Shape Rect Layer front
position  0.960000  1.620000  size  2.500000  1.430000  orientation 90.00
drill  0.000000
shape_offset  0.000000  0.000000
$EndPAD
$EndMODULE  J1

$MODULE "C17"
reference "C17"
value "0.1uF"
footprint "Skull_badge:C_0805"
attribut smd
position 94.500000 88.750000  orientation 45.00
layer back
$PAD "1"
Shape Rect Layer back
position -1.000000  0.000000  size  1.000000  1.250000  orientation 0.00
drill  0.000000
shape_offset  0.000000  0.000000
$EndPAD
$PAD "2"
Shape Rect Layer back
position  1.000000  0.000000  size  1.000000  1.250000  orientation 0.00
drill  0.000000
shape_offset  0.000000  0.000000
$EndPAD
$EndMODULE  C17

$MODULE "C21"
reference "C21"
value "0.1uF"
footprint "Skull_badge:C_0805"
attribut smd
position 86.770000 81.254000  orientation 45.00
layer back
$PAD "1"
Shape Rect Layer back
position -1.000000  0.000000  size  1.000000  1.250000  orientation 0.00
drill  0.000000
shape_offset  0.000000  0.000000
$EndPAD
$PAD "2"
Shape Rect Layer back
position  1.000000  0.000000  size  1.000000  1.250000  orientation 0.00
drill  0.000000
shape_offset  0.000000  0.000000
$EndPAD
$EndMODULE  C21

$MODULE "C25"
reference "C25"
value "0.1uF"
footprint "Skull_badge:C_0805"
attribut smd
position 80.166000 74.650000  orientation 45.00
layer back
$PAD "1"
Shape Rect Layer back
position -1.000000  0.000000  size  1.000000  1.250000  orientation 0.00
drill  0.000000
shape_offset  0.000000  0.000000
$EndPAD
$PAD "2"
Shape Rect Layer back
position  1.000000  0.000000  size  1.000000  1.250000  orientation 0.00
drill  0.000000
shape_offset  0.000000  0.000000
$EndPAD
$EndMODULE  C25

$MODULE "C29"
reference "C29"
value "0.1uF"
footprint "Skull_badge:C_0805"
attribut smd
position 73.562000 67.538000  orientation 45.00
layer back
$PAD "1"
Shape Rect Layer back
position -1.000000  0.000000  size  1.000000  1.250000  orientation 0.00
drill  0.000000
shape_offset  0.000000  0.000000
$EndPAD
$PAD "2"
Shape Rect Layer back
position  1.000000  0.000000  size  1.000000  1.250000  orientation 0.00
drill  0.000000
shape_offset  0.000000  0.000000
$EndPAD
$EndMODULE  C29

$MODULE "C18"
reference "C18"
value "0.1uF"
footprint "Skull_badge:C_0805"
attribut smd
position 155.858000 89.382000  orientation 315.00
layer back
$PAD "1"
Shape Rect Layer back
position -1.000000  0.000000  size  1.000000  1.250000  orientation 0.00
drill  0.000000
shape_offset  0.000000  0.000000
$EndPAD
$PAD "2"
Shape Rect Layer back
position  1.000000  0.000000  size  1.000000  1.250000  orientation 0.00
drill  0.000000
shape_offset  0.000000  0.000000
$EndPAD
$EndMODULE  C18

$MODULE "C22"
reference "C22"
value "0.1uF"
footprint "Skull_badge:C_0805"
attribut smd
position 164.494000 81.762000  orientation 315.00
layer back
$PAD "1"
Shape Rect Layer back
position -1.000000  0.000000  size  1.000000  1.250000  orientation 0.00
drill  0.000000
shape_offset  0.000000  0.000000
$EndPAD
$PAD "2"
Shape Rect Layer back
position  1.000000  0.000000  size  1.000000  1.250000  orientation 0.00
drill  0.000000
shape_offset  0.000000  0.000000
$EndPAD
$EndMODULE  C22

$MODULE "C26"
reference "C26"
value "0.1uF"
footprint "Skull_badge:C_0805"
attribut smd
position 172.622000 74.142000  orientation 315.00
layer back
$PAD "1"
Shape Rect Layer back
position -1.000000  0.000000  size  1.000000  1.250000  orientation 0.00
drill  0.000000
shape_offset  0.000000  0.000000
$EndPAD
$PAD "2"
Shape Rect Layer back
position  1.000000  0.000000  size  1.000000  1.250000  orientation 0.00
drill  0.000000
shape_offset  0.000000  0.000000
$EndPAD
$EndMODULE  C26

$MODULE "C30"
reference "C30"
value "0.1uF"
footprint "Skull_badge:C_0805"
attribut smd
position 180.750000 66.522000  orientation 315.00
layer back
$PAD "1"
Shape Rect Layer back
position -1.000000  0.000000  size  1.000000  1.250000  orientation 0.00
drill  0.000000
shape_offset  0.000000  0.000000
$EndPAD
$PAD "2"
Shape Rect Layer back
position  1.000000  0.000000  size  1.000000  1.250000  orientation 0.00
drill  0.000000
shape_offset  0.000000  0.000000
$EndPAD
$EndMODULE  C30

$MODULE "C15"
reference "C15"
value "0.1uF"
footprint "Skull_badge:C_0805"
attribut smd
position 95.406000 148.818000  orientation 135.00
layer back
$PAD "1"
Shape Rect Layer back
position -1.000000  0.000000  size  1.000000  1.250000  orientation 0.00
drill  0.000000
shape_offset  0.000000  0.000000
$EndPAD
$PAD "2"
Shape Rect Layer back
position  1.000000  0.000000  size  1.000000  1.250000  orientation 0.00
drill  0.000000
shape_offset  0.000000  0.000000
$EndPAD
$EndMODULE  C15

$MODULE "C19"
reference "C19"
value "0.1uF"
footprint "Skull_badge:C_0805"
attribut smd
position 88.802000 156.438000  orientation 135.00
layer back
$PAD "1"
Shape Rect Layer back
position -1.000000  0.000000  size  1.000000  1.250000  orientation 0.00
drill  0.000000
shape_offset  0.000000  0.000000
$EndPAD
$PAD "2"
Shape Rect Layer back
position  1.000000  0.000000  size  1.000000  1.250000  orientation 0.00
drill  0.000000
shape_offset  0.000000  0.000000
$EndPAD
$EndMODULE  C19

$MODULE "C23"
reference "C23"
value "0.1uF"
footprint "Skull_badge:C_0805"
attribut smd
position 80.674000 163.550000  orientation 135.00
layer back
$PAD "1"
Shape Rect Layer back
position -1.000000  0.000000  size  1.000000  1.250000  orientation 0.00
drill  0.000000
shape_offset  0.000000  0.000000
$EndPAD
$PAD "2"
Shape Rect Layer back
position  1.000000  0.000000  size  1.000000  1.250000  orientation 0.00
drill  0.000000
shape_offset  0.000000  0.000000
$EndPAD
$EndMODULE  C23

$MODULE "C27"
reference "C27"
value "0.1uF"
footprint "Skull_badge:C_0805"
attribut smd
position 73.054000 170.662000  orientation 135.00
layer back
$PAD "1"
Shape Rect Layer back
position -1.000000  0.000000  size  1.000000  1.250000  orientation 0.00
drill  0.000000
shape_offset  0.000000  0.000000
$EndPAD
$PAD "2"
Shape Rect Layer back
position  1.000000  0.000000  size  1.000000  1.250000  orientation 0.00
drill  0.000000
shape_offset  0.000000  0.000000
$EndPAD
$EndMODULE  C27

$MODULE "C16"
reference "C16"
value "0.1uF"
footprint "Skull_badge:C_0805"
attribut smd
position 154.842000 149.326000  orientation 225.00
layer back
$PAD "1"
Shape Rect Layer back
position -1.000000  0.000000  size  1.000000  1.250000  orientation 0.00
drill  0.000000
shape_offset  0.000000  0.000000
$EndPAD
$PAD "2"
Shape Rect Layer back
position  1.000000  0.000000  size  1.000000  1.250000  orientation 0.00
drill  0.000000
shape_offset  0.000000  0.000000
$EndPAD
$EndMODULE  C16

$MODULE "C20"
reference "C20"
value "0.1uF"
footprint "Skull_badge:C_0805"
attribut smd
position 161.954000 156.946000  orientation 225.00
layer back
$PAD "1"
Shape Rect Layer back
position -1.000000  0.000000  size  1.000000  1.250000  orientation 0.00
drill  0.000000
shape_offset  0.000000  0.000000
$EndPAD
$PAD "2"
Shape Rect Layer back
position  1.000000  0.000000  size  1.000000  1.250000  orientation 0.00
drill  0.000000
shape_offset  0.000000  0.000000
$EndPAD
$EndMODULE  C20

$MODULE "C24"
reference "C24"
value "0.1uF"
footprint "Skull_badge:C_0805"
attribut smd
position 170.082000 164.566000  orientation 225.00
layer back
$PAD "1"
Shape Rect Layer back
position -1.000000  0.000000  size  1.000000  1.250000  orientation 0.00
drill  0.000000
shape_offset  0.000000  0.000000
$EndPAD
$PAD "2"
Shape Rect Layer back
position  1.000000  0.000000  size  1.000000  1.250000  orientation 0.00
drill  0.000000
shape_offset  0.000000  0.000000
$EndPAD
$EndMODULE  C24

$MODULE "C28"
reference "C28"
value "0.1uF"
footprint "Skull_badge:C_0805"
attribut smd
position 178.718000 172.694000  orientation 225.00
layer back
$PAD "1"
Shape Rect Layer back
position -1.000000  0.000000  size  1.000000  1.250000  orientation 0.00
drill  0.000000
shape_offset  0.000000  0.000000
$EndPAD
$PAD "2"
Shape Rect Layer back
position  1.000000  0.000000  size  1.000000  1.250000  orientation 0.00
drill  0.000000
shape_offset  0.000000  0.000000
$EndPAD
$EndMODULE  C28

$MODULE "C4"
reference "C4"
value "100nF"
footprint "Skull_badge:C_0805"
attribut smd
position 115.800000 86.450000  orientation 0.00
layer front
$PAD "1"
Shape Rect Layer front
position -1.000000  0.000000  size  1.000000  1.250000  orientation 0.00
drill  0.000000
shape_offset  0.000000  0.000000
$EndPAD
$PAD "2"
Shape Rect Layer front
position  1.000000  0.000000  size  1.000000  1.250000  orientation 0.00
drill  0.000000
shape_offset  0.000000  0.000000
$EndPAD
$EndMODULE  C4

$MODULE "C2"
reference "C2"
value "22pF"
footprint "Skull_badge:C_0805"
attribut smd
position 108.550000 99.850000  orientation 270.00
layer front
$PAD "1"
Shape Rect Layer front
position -1.000000  0.000000  size  1.000000  1.250000  orientation 0.00
drill  0.000000
shape_offset  0.000000  0.000000
$EndPAD
$PAD "2"
Shape Rect Layer front
position  1.000000  0.000000  size  1.000000  1.250000  orientation 0.00
drill  0.000000
shape_offset  0.000000  0.000000
$EndPAD
$EndMODULE  C2

$MODULE "C3"
reference "C3"
value "22pF"
footprint "Skull_badge:C_0805"
attribut smd
position 108.650000 91.900000  orientation 90.00
layer front
$PAD "1"
Shape Rect Layer front
position -1.000000  0.000000  size  1.000000  1.250000  orientation 0.00
drill  0.000000
shape_offset  0.000000  0.000000
$EndPAD
$PAD "2"
Shape Rect Layer front
position  1.000000  0.000000  size  1.000000  1.250000  orientation 0.00
drill  0.000000
shape_offset  0.000000  0.000000
$EndPAD
$EndMODULE  C3

$MODULE "C8"
reference "C8"
value "1uF"
footprint "Skull_badge:C_0805"
attribut smd
position 132.200000 100.800000  orientation 90.00
layer front
$PAD "1"
Shape Rect Layer front
position -1.000000  0.000000  size  1.000000  1.250000  orientation 0.00
drill  0.000000
shape_offset  0.000000  0.000000
$EndPAD
$PAD "2"
Shape Rect Layer front
position  1.000000  0.000000  size  1.000000  1.250000  orientation 0.00
drill  0.000000
shape_offset  0.000000  0.000000
$EndPAD
$EndMODULE  C8

$MODULE "C9"
reference "C9"
value "1uF"
footprint "Skull_badge:C_0805"
attribut smd
position 116.250000 92.300000  orientation 90.00
layer front
$PAD "1"
Shape Rect Layer front
position -1.000000  0.000000  size  1.000000  1.250000  orientation 0.00
drill  0.000000
shape_offset  0.000000  0.000000
$EndPAD
$PAD "2"
Shape Rect Layer front
position  1.000000  0.000000  size  1.000000  1.250000  orientation 0.00
drill  0.000000
shape_offset  0.000000  0.000000
$EndPAD
$EndMODULE  C9

$MODULE "C5"
reference "C5"
value "1uF"
footprint "Skull_badge:C_0805"
attribut smd
position 122.050000 87.600000  orientation 180.00
layer front
$PAD "1"
Shape Rect Layer front
position -1.000000  0.000000  size  1.000000  1.250000  orientation 0.00
drill  0.000000
shape_offset  0.000000  0.000000
$EndPAD
$PAD "2"
Shape Rect Layer front
position  1.000000  0.000000  size  1.000000  1.250000  orientation 0.00
drill  0.000000
shape_offset  0.000000  0.000000
$EndPAD
$EndMODULE  C5

$MODULE "C6"
reference "C6"
value "100nF"
footprint "Skull_badge:C_0805"
attribut smd
position 133.500000 93.600000  orientation 0.00
layer front
$PAD "1"
Shape Rect Layer front
position -1.000000  0.000000  size  1.000000  1.250000  orientation 0.00
drill  0.000000
shape_offset  0.000000  0.000000
$EndPAD
$PAD "2"
Shape Rect Layer front
position  1.000000  0.000000  size  1.000000  1.250000  orientation 0.00
drill  0.000000
shape_offset  0.000000  0.000000
$EndPAD
$EndMODULE  C6

$MODULE "J7"
reference "J7"
value "Flight Controller Board"
footprint "Skull_badge:Socket_Strip_Straight_2x05_Pitch2.54mm"
attribut none
position 87.405000 100.558000  orientation 90.00
layer front
$PAD "1"
Shape Rect Layer both
position  0.000000  0.000000  size  1.700000  1.700000  orientation 0.00
drill  1.000000
shape_offset  0.000000  0.000000
$EndPAD
$PAD "2"
Shape Oval Layer both
position -2.540000  0.000000  size  1.700000  1.700000  orientation 0.00
drill  1.000000
shape_offset  0.000000  0.000000
$EndPAD
$PAD "3"
Shape Oval Layer both
position  0.000000  2.540000  size  1.700000  1.700000  orientation 0.00
drill  1.000000
shape_offset  0.000000  0.000000
$EndPAD
$PAD "4"
Shape Oval Layer both
position -2.540000  2.540000  size  1.700000  1.700000  orientation 0.00
drill  1.000000
shape_offset  0.000000  0.000000
$EndPAD
$PAD "5"
Shape Oval Layer both
position  0.000000  5.080000  size  1.700000  1.700000  orientation 0.00
drill  1.000000
shape_offset  0.000000  0.000000
$EndPAD
$PAD "6"
Shape Oval Layer both
position -2.540000  5.080000  size  1.700000  1.700000  orientation 0.00
drill  1.000000
shape_offset  0.000000  0.000000
$EndPAD
$PAD "7"
Shape Oval Layer both
position  0.000000  7.620000  size  1.700000  1.700000  orientation 0.00
drill  1.000000
shape_offset  0.000000  0.000000
$EndPAD
$PAD "8"
Shape Oval Layer both
position -2.540000  7.620000  size  1.700000  1.700000  orientation 0.00
drill  1.000000
shape_offset  0.000000  0.000000
$EndPAD
$PAD "9"
Shape Oval Layer both
position  0.000000 10.160000  size  1.700000  1.700000  orientation 0.00
drill  1.000000
shape_offset  0.000000  0.000000
$EndPAD
$PAD "10"
Shape Oval Layer both
position -2.540000 10.160000  size  1.700000  1.700000  orientation 0.00
drill  1.000000
shape_offset  0.000000  0.000000
$EndPAD
$EndMODULE  J7

$MODULE "R13"
reference "R13"
value "1K"
footprint "Skull_badge:R_0805"
attribut smd
position 105.848613 169.934657  orientation 180.00
layer front
$PAD "1"
Shape Rect Layer front
position -0.950000  0.000000  size  0.700000  1.300000  orientation 0.00
drill  0.000000
shape_offset  0.000000  0.000000
$EndPAD
$PAD "2"
Shape Rect Layer front
position  0.950000  0.000000  size  0.700000  1.300000  orientation 0.00
drill  0.000000
shape_offset  0.000000  0.000000
$EndPAD
$EndMODULE  R13

$MODULE "R14"
reference "R14"
value "1K"
footprint "Skull_badge:R_0805"
attribut smd
position 111.373113 171.966657  orientation 180.00
layer front
$PAD "1"
Shape Rect Layer front
position -0.950000  0.000000  size  0.700000  1.300000  orientation 0.00
drill  0.000000
shape_offset  0.000000  0.000000
$EndPAD
$PAD "2"
Shape Rect Layer front
position  0.950000  0.000000  size  0.700000  1.300000  orientation 0.00
drill  0.000000
shape_offset  0.000000  0.000000
$EndPAD
$EndMODULE  R14

$MODULE "R15"
reference "R15"
value "1K"
footprint "Skull_badge:R_0805"
attribut smd
position 118.358113 171.395157  orientation 180.00
layer front
$PAD "1"
Shape Rect Layer front
position -0.950000  0.000000  size  0.700000  1.300000  orientation 0.00
drill  0.000000
shape_offset  0.000000  0.000000
$EndPAD
$PAD "2"
Shape Rect Layer front
position  0.950000  0.000000  size  0.700000  1.300000  orientation 0.00
drill  0.000000
shape_offset  0.000000  0.000000
$EndPAD
$EndMODULE  R15

$MODULE "R16"
reference "R16"
value "1K"
footprint "Skull_badge:R_0805"
attribut smd
position 125.216113 171.395157  orientation 180.00
layer front
$PAD "1"
Shape Rect Layer front
position -0.950000  0.000000  size  0.700000  1.300000  orientation 0.00
drill  0.000000
shape_offset  0.000000  0.000000
$EndPAD
$PAD "2"
Shape Rect Layer front
position  0.950000  0.000000  size  0.700000  1.300000  orientation 0.00
drill  0.000000
shape_offset  0.000000  0.000000
$EndPAD
$EndMODULE  R16

$MODULE "R17"
reference "R17"
value "1K"
footprint "Skull_badge:R_0805"
attribut smd
position 131.248613 171.204657  orientation 180.00
layer front
$PAD "1"
Shape Rect Layer front
position -0.950000  0.000000  size  0.700000  1.300000  orientation 0.00
drill  0.000000
shape_offset  0.000000  0.000000
$EndPAD
$PAD "2"
Shape Rect Layer front
position  0.950000  0.000000  size  0.700000  1.300000  orientation 0.00
drill  0.000000
shape_offset  0.000000  0.000000
$EndPAD
$EndMODULE  R17

$MODULE "R18"
reference "R18"
value "1K"
footprint "Skull_badge:R_0805"
attribut smd
position 137.535113 171.077657  orientation 180.00
layer front
$PAD "1"
Shape Rect Layer front
position -0.950000  0.000000  size  0.700000  1.300000  orientation 0.00
drill  0.000000
shape_offset  0.000000  0.000000
$EndPAD
$PAD "2"
Shape Rect Layer front
position  0.950000  0.000000  size  0.700000  1.300000  orientation 0.00
drill  0.000000
shape_offset  0.000000  0.000000
$EndPAD
$EndMODULE  R18

$MODULE "R19"
reference "R19"
value "1K"
footprint "Skull_badge:R_0805"
attribut smd
position 142.742113 168.283657  orientation 225.00
layer front
$PAD "1"
Shape Rect Layer front
position -0.949999  0.000000  size  0.700000  1.300000  orientation 0.00
drill  0.000000
shape_offset  0.000000  0.000000
$EndPAD
$PAD "2"
Shape Rect Layer front
position  0.949999  0.000000  size  0.700000  1.300000  orientation 0.00
drill  0.000000
shape_offset  0.000000  0.000000
$EndPAD
$EndMODULE  R19

$MODULE "R20"
reference "R20"
value "1M"
footprint "Skull_badge:R_0805"
attribut smd
position 145.050000 164.950000  orientation 90.00
layer front
$PAD "1"
Shape Rect Layer front
position -0.950000  0.000000  size  0.700000  1.300000  orientation 0.00
drill  0.000000
shape_offset  0.000000  0.000000
$EndPAD
$PAD "2"
Shape Rect Layer front
position  0.950000  0.000000  size  0.700000  1.300000  orientation 0.00
drill  0.000000
shape_offset  0.000000  0.000000
$EndPAD
$EndMODULE  R20

$MODULE "R21"
reference "R21"
value "300"
footprint "Skull_badge:R_0805"
attribut smd
position 98.800113 83.765157  orientation 0.00
layer back
$PAD "1"
Shape Rect Layer back
position -0.950000  0.000000  size  0.700000  1.300000  orientation 0.00
drill  0.000000
shape_offset  0.000000  0.000000
$EndPAD
$PAD "2"
Shape Rect Layer back
position  0.950000  0.000000  size  0.700000  1.300000  orientation 0.00
drill  0.000000
shape_offset  0.000000  0.000000
$EndPAD
$EndMODULE  R21

$MODULE "R3"
reference "R3"
value "10K"
footprint "Skull_badge:R_0805"
attribut smd
position 115.850000 88.400000  orientation 0.00
layer front
$PAD "1"
Shape Rect Layer front
position -0.950000  0.000000  size  0.700000  1.300000  orientation 0.00
drill  0.000000
shape_offset  0.000000  0.000000
$EndPAD
$PAD "2"
Shape Rect Layer front
position  0.950000  0.000000  size  0.700000  1.300000  orientation 0.00
drill  0.000000
shape_offset  0.000000  0.000000
$EndPAD
$EndMODULE  R3

$MODULE "R4"
reference "R4"
value "1M"
footprint "Skull_badge:R_0805"
attribut smd
position 116.250000 95.850000  orientation 90.00
layer front
$PAD "1"
Shape Rect Layer front
position -0.950000  0.000000  size  0.700000  1.300000  orientation 0.00
drill  0.000000
shape_offset  0.000000  0.000000
$EndPAD
$PAD "2"
Shape Rect Layer front
position  0.950000  0.000000  size  0.700000  1.300000  orientation 0.00
drill  0.000000
shape_offset  0.000000  0.000000
$EndPAD
$EndMODULE  R4

$MODULE "R1"
reference "R1"
value "22"
footprint "Skull_badge:R_0805"
attribut smd
position 123.600000 81.300000  orientation 90.00
layer front
$PAD "1"
Shape Rect Layer front
position -0.950000  0.000000  size  0.700000  1.300000  orientation 0.00
drill  0.000000
shape_offset  0.000000  0.000000
$EndPAD
$PAD "2"
Shape Rect Layer front
position  0.950000  0.000000  size  0.700000  1.300000  orientation 0.00
drill  0.000000
shape_offset  0.000000  0.000000
$EndPAD
$EndMODULE  R1

$MODULE "R2"
reference "R2"
value "22"
footprint "Skull_badge:R_0805"
attribut smd
position 125.600000 81.300000  orientation 90.00
layer front
$PAD "1"
Shape Rect Layer front
position -0.950000  0.000000  size  0.700000  1.300000  orientation 0.00
drill  0.000000
shape_offset  0.000000  0.000000
$EndPAD
$PAD "2"
Shape Rect Layer front
position  0.950000  0.000000  size  0.700000  1.300000  orientation 0.00
drill  0.000000
shape_offset  0.000000  0.000000
$EndPAD
$EndMODULE  R2

$MODULE "R6"
reference "R6"
value "10K"
footprint "Skull_badge:R_0805"
attribut smd
position 129.650000 104.000000  orientation 180.00
layer front
$PAD "1"
Shape Rect Layer front
position -0.950000  0.000000  size  0.700000  1.300000  orientation 0.00
drill  0.000000
shape_offset  0.000000  0.000000
$EndPAD
$PAD "2"
Shape Rect Layer front
position  0.950000  0.000000  size  0.700000  1.300000  orientation 0.00
drill  0.000000
shape_offset  0.000000  0.000000
$EndPAD
$EndMODULE  R6

$MODULE "U1"
reference "U1"
value "ATMEGA32U4-AU"
footprint "Skull_badge:TQFP-44_10x10mm_Pitch0.8mm"
attribut smd
position 124.400000 96.150000  orientation 270.00
layer front
$PAD "1"
Shape Rect Layer front
position -5.700000 -4.000000  size  1.500000  0.550000  orientation 0.00
drill  0.000000
shape_offset  0.000000  0.000000
$EndPAD
$PAD "2"
Shape Rect Layer front
position -5.700000 -3.200000  size  1.500000  0.550000  orientation 0.00
drill  0.000000
shape_offset  0.000000  0.000000
$EndPAD
$PAD "3"
Shape Rect Layer front
position -5.700000 -2.400000  size  1.500000  0.550000  orientation 0.00
drill  0.000000
shape_offset  0.000000  0.000000
$EndPAD
$PAD "4"
Shape Rect Layer front
position -5.700000 -1.600000  size  1.500000  0.550000  orientation 0.00
drill  0.000000
shape_offset  0.000000  0.000000
$EndPAD
$PAD "5"
Shape Rect Layer front
position -5.700000 -0.800000  size  1.500000  0.550000  orientation 0.00
drill  0.000000
shape_offset  0.000000  0.000000
$EndPAD
$PAD "6"
Shape Rect Layer front
position -5.700000  0.000000  size  1.500000  0.550000  orientation 0.00
drill  0.000000
shape_offset  0.000000  0.000000
$EndPAD
$PAD "7"
Shape Rect Layer front
position -5.700000  0.800000  size  1.500000  0.550000  orientation 0.00
drill  0.000000
shape_offset  0.000000  0.000000
$EndPAD
$PAD "8"
Shape Rect Layer front
position -5.700000  1.600000  size  1.500000  0.550000  orientation 0.00
drill  0.000000
shape_offset  0.000000  0.000000
$EndPAD
$PAD "9"
Shape Rect Layer front
position -5.700000  2.400000  size  1.500000  0.550000  orientation 0.00
drill  0.000000
shape_offset  0.000000  0.000000
$EndPAD
$PAD "10"
Shape Rect Layer front
position -5.700000  3.200000  size  1.500000  0.550000  orientation 0.00
drill  0.000000
shape_offset  0.000000  0.000000
$EndPAD
$PAD "11"
Shape Rect Layer front
position -5.700000  4.000000  size  1.500000  0.550000  orientation 0.00
drill  0.000000
shape_offset  0.000000  0.000000
$EndPAD
$PAD "12"
Shape Rect Layer front
position -4.000000  5.700000  size  1.500000  0.550000  orientation -270.00
drill  0.000000
shape_offset  0.000000  0.000000
$EndPAD
$PAD "13"
Shape Rect Layer front
position -3.200000  5.700000  size  1.500000  0.550000  orientation -270.00
drill  0.000000
shape_offset  0.000000  0.000000
$EndPAD
$PAD "14"
Shape Rect Layer front
position -2.400000  5.700000  size  1.500000  0.550000  orientation -270.00
drill  0.000000
shape_offset  0.000000  0.000000
$EndPAD
$PAD "15"
Shape Rect Layer front
position -1.600000  5.700000  size  1.500000  0.550000  orientation -270.00
drill  0.000000
shape_offset  0.000000  0.000000
$EndPAD
$PAD "16"
Shape Rect Layer front
position -0.800000  5.700000  size  1.500000  0.550000  orientation -270.00
drill  0.000000
shape_offset  0.000000  0.000000
$EndPAD
$PAD "17"
Shape Rect Layer front
position  0.000000  5.700000  size  1.500000  0.550000  orientation -270.00
drill  0.000000
shape_offset  0.000000  0.000000
$EndPAD
$PAD "18"
Shape Rect Layer front
position  0.800000  5.700000  size  1.500000  0.550000  orientation -270.00
drill  0.000000
shape_offset  0.000000  0.000000
$EndPAD
$PAD "19"
Shape Rect Layer front
position  1.600000  5.700000  size  1.500000  0.550000  orientation -270.00
drill  0.000000
shape_offset  0.000000  0.000000
$EndPAD
$PAD "20"
Shape Rect Layer front
position  2.400000  5.700000  size  1.500000  0.550000  orientation -270.00
drill  0.000000
shape_offset  0.000000  0.000000
$EndPAD
$PAD "21"
Shape Rect Layer front
position  3.200000  5.700000  size  1.500000  0.550000  orientation -270.00
drill  0.000000
shape_offset  0.000000  0.000000
$EndPAD
$PAD "22"
Shape Rect Layer front
position  4.000000  5.700000  size  1.500000  0.550000  orientation -270.00
drill  0.000000
shape_offset  0.000000  0.000000
$EndPAD
$PAD "23"
Shape Rect Layer front
position  5.700000  4.000000  size  1.500000  0.550000  orientation 0.00
drill  0.000000
shape_offset  0.000000  0.000000
$EndPAD
$PAD "24"
Shape Rect Layer front
position  5.700000  3.200000  size  1.500000  0.550000  orientation 0.00
drill  0.000000
shape_offset  0.000000  0.000000
$EndPAD
$PAD "25"
Shape Rect Layer front
position  5.700000  2.400000  size  1.500000  0.550000  orientation 0.00
drill  0.000000
shape_offset  0.000000  0.000000
$EndPAD
$PAD "26"
Shape Rect Layer front
position  5.700000  1.600000  size  1.500000  0.550000  orientation 0.00
drill  0.000000
shape_offset  0.000000  0.000000
$EndPAD
$PAD "27"
Shape Rect Layer front
position  5.700000  0.800000  size  1.500000  0.550000  orientation 0.00
drill  0.000000
shape_offset  0.000000  0.000000
$EndPAD
$PAD "28"
Shape Rect Layer front
position  5.700000  0.000000  size  1.500000  0.550000  orientation 0.00
drill  0.000000
shape_offset  0.000000  0.000000
$EndPAD
$PAD "29"
Shape Rect Layer front
position  5.700000 -0.800000  size  1.500000  0.550000  orientation 0.00
drill  0.000000
shape_offset  0.000000  0.000000
$EndPAD
$PAD "30"
Shape Rect Layer front
position  5.700000 -1.600000  size  1.500000  0.550000  orientation 0.00
drill  0.000000
shape_offset  0.000000  0.000000
$EndPAD
$PAD "31"
Shape Rect Layer front
position  5.700000 -2.400000  size  1.500000  0.550000  orientation 0.00
drill  0.000000
shape_offset  0.000000  0.000000
$EndPAD
$PAD "32"
Shape Rect Layer front
position  5.700000 -3.200000  size  1.500000  0.550000  orientation 0.00
drill  0.000000
shape_offset  0.000000  0.000000
$EndPAD
$PAD "33"
Shape Rect Layer front
position  5.700000 -4.000000  size  1.500000  0.550000  orientation 0.00
drill  0.000000
shape_offset  0.000000  0.000000
$EndPAD
$PAD "34"
Shape Rect Layer front
position  4.000000 -5.700000  size  1.500000  0.550000  orientation -270.00
drill  0.000000
shape_offset  0.000000  0.000000
$EndPAD
$PAD "35"
Shape Rect Layer front
position  3.200000 -5.700000  size  1.500000  0.550000  orientation -270.00
drill  0.000000
shape_offset  0.000000  0.000000
$EndPAD
$PAD "36"
Shape Rect Layer front
position  2.400000 -5.700000  size  1.500000  0.550000  orientation -270.00
drill  0.000000
shape_offset  0.000000  0.000000
$EndPAD
$PAD "37"
Shape Rect Layer front
position  1.600000 -5.700000  size  1.500000  0.550000  orientation -270.00
drill  0.000000
shape_offset  0.000000  0.000000
$EndPAD
$PAD "38"
Shape Rect Layer front
position  0.800000 -5.700000  size  1.500000  0.550000  orientation -270.00
drill  0.000000
shape_offset  0.000000  0.000000
$EndPAD
$PAD "39"
Shape Rect Layer front
position  0.000000 -5.700000  size  1.500000  0.550000  orientation -270.00
drill  0.000000
shape_offset  0.000000  0.000000
$EndPAD
$PAD "40"
Shape Rect Layer front
position -0.800000 -5.700000  size  1.500000  0.550000  orientation -270.00
drill  0.000000
shape_offset  0.000000  0.000000
$EndPAD
$PAD "41"
Shape Rect Layer front
position -1.600000 -5.700000  size  1.500000  0.550000  orientation -270.00
drill  0.000000
shape_offset  0.000000  0.000000
$EndPAD
$PAD "42"
Shape Rect Layer front
position -2.400000 -5.700000  size  1.500000  0.550000  orientation -270.00
drill  0.000000
shape_offset  0.000000  0.000000
$EndPAD
$PAD "43"
Shape Rect Layer front
position -3.200000 -5.700000  size  1.500000  0.550000  orientation -270.00
drill  0.000000
shape_offset  0.000000  0.000000
$EndPAD
$PAD "44"
Shape Rect Layer front
position -4.000000 -5.700000  size  1.500000  0.550000  orientation -270.00
drill  0.000000
shape_offset  0.000000  0.000000
$EndPAD
$EndMODULE  U1

$MODULE "LS1"
reference "LS1"
value "Speaker_Crystal"
footprint "Skull_badge:piezo_KJL_1325"
attribut none
position 131.106602 99.456602  orientation 135.00
layer back
$PAD "1"
Shape Rect Layer back
position  0.000000  0.000000  size  2.524000  2.524000  orientation 0.00
drill  0.000000
shape_offset  0.000000  0.000000
$EndPAD
$PAD "2"
Shape Rect Layer back
position 15.000000  0.000000  size  2.524000  2.524000  orientation 0.00
drill  0.000000
shape_offset  0.000000  0.000000
$EndPAD
$EndMODULE  LS1

$MODULE "C14"
reference "C14"
value "0.1uF"
footprint "Skull_badge:C_0805"
attribut smd
position 149.654113 100.982157  orientation 0.00
layer front
$PAD "1"
Shape Rect Layer front
position -1.000000  0.000000  size  1.000000  1.250000  orientation 0.00
drill  0.000000
shape_offset  0.000000  0.000000
$EndPAD
$PAD "2"
Shape Rect Layer front
position  1.000000  0.000000  size  1.000000  1.250000  orientation 0.00
drill  0.000000
shape_offset  0.000000  0.000000
$EndPAD
$EndMODULE  C14

$MODULE "Y1"
reference "Y1"
value "16MHz"
footprint "Skull_badge:Q_49U3HMS"
attribut none
position 112.300000 95.850000  orientation 90.00
layer front
$PAD "1"
Shape Rect Layer front
position -4.699000  0.000000  size  5.499100  1.998980  orientation 0.00
drill  0.000000
shape_offset  0.000000  0.000000
$EndPAD
$PAD "2"
Shape Rect Layer front
position  4.699000  0.000000  size  5.499100  1.998980  orientation 0.00
drill  0.000000
shape_offset  0.000000  0.000000
$EndPAD
$EndMODULE  Y1

$MODULE "C10"
reference "C10"
value "1uF"
footprint "Skull_badge:C_0805"
attribut smd
position 129.150000 87.950000  orientation 0.00
layer front
$PAD "1"
Shape Rect Layer front
position -1.000000  0.000000  size  1.000000  1.250000  orientation 0.00
drill  0.000000
shape_offset  0.000000  0.000000
$EndPAD
$PAD "2"
Shape Rect Layer front
position  1.000000  0.000000  size  1.000000  1.250000  orientation 0.00
drill  0.000000
shape_offset  0.000000  0.000000
$EndPAD
$EndMODULE  C10

$MODULE "R7"
reference "R7"
value "1K"
footprint "Skull_badge:R_0805"
attribut smd
position 111.529113 76.057157  orientation 180.00
layer front
$PAD "1"
Shape Rect Layer front
position -0.950000  0.000000  size  0.700000  1.300000  orientation 0.00
drill  0.000000
shape_offset  0.000000  0.000000
$EndPAD
$PAD "2"
Shape Rect Layer front
position  0.950000  0.000000  size  0.700000  1.300000  orientation 0.00
drill  0.000000
shape_offset  0.000000  0.000000
$EndPAD
$EndMODULE  R7

$MODULE "R8"
reference "R8"
value "1K"
footprint "Skull_badge:R_0805"
attribut smd
position 111.504113 78.057157  orientation 180.00
layer front
$PAD "1"
Shape Rect Layer front
position -0.950000  0.000000  size  0.700000  1.300000  orientation 0.00
drill  0.000000
shape_offset  0.000000  0.000000
$EndPAD
$PAD "2"
Shape Rect Layer front
position  0.950000  0.000000  size  0.700000  1.300000  orientation 0.00
drill  0.000000
shape_offset  0.000000  0.000000
$EndPAD
$EndMODULE  R8

$MODULE "R9"
reference "R9"
value "1K"
footprint "Skull_badge:R_0805"
attribut smd
position 158.398000 94.525500  orientation 180.00
layer front
$PAD "1"
Shape Rect Layer front
position -0.950000  0.000000  size  0.700000  1.300000  orientation 0.00
drill  0.000000
shape_offset  0.000000  0.000000
$EndPAD
$PAD "2"
Shape Rect Layer front
position  0.950000  0.000000  size  0.700000  1.300000  orientation 0.00
drill  0.000000
shape_offset  0.000000  0.000000
$EndPAD
$EndMODULE  R9

$MODULE "R12"
reference "R12"
value "1K"
footprint "Skull_badge:R_0805"
attribut smd
position 115.347500 106.082500  orientation 0.00
layer front
$PAD "1"
Shape Rect Layer front
position -0.950000  0.000000  size  0.700000  1.300000  orientation 0.00
drill  0.000000
shape_offset  0.000000  0.000000
$EndPAD
$PAD "2"
Shape Rect Layer front
position  0.950000  0.000000  size  0.700000  1.300000  orientation 0.00
drill  0.000000
shape_offset  0.000000  0.000000
$EndPAD
$EndMODULE  R12

$MODULE "C1"
reference "C1"
value "10uF"
footprint "Skull_badge:C_0805"
attribut smd
position 128.675000 80.325000  orientation 0.00
layer front
$PAD "1"
Shape Rect Layer front
position -1.000000  0.000000  size  1.000000  1.250000  orientation 0.00
drill  0.000000
shape_offset  0.000000  0.000000
$EndPAD
$PAD "2"
Shape Rect Layer front
position  1.000000  0.000000  size  1.000000  1.250000  orientation 0.00
drill  0.000000
shape_offset  0.000000  0.000000
$EndPAD
$EndMODULE  C1

$MODULE "U6"
reference "U6"
value "Lime_pepper"
footprint "Skull_badge:lime_pepper"
attribut none
position 106.250000 142.250000  orientation 0.00
layer front
$EndMODULE  U6

$MODULE "D4"
reference "D4"
value "LED"
footprint "Skull_badge:LED_0805"
attribut smd
position 111.641500 106.082500  orientation 0.00
layer front
$PAD "2"
Shape Rect Layer front
position  1.100000  0.000000  size  1.200000  1.200000  orientation 180.00
drill  0.000000
shape_offset  0.000000  0.000000
$EndPAD
$PAD "1"
Shape Rect Layer front
position -1.100000  0.000000  size  1.200000  1.200000  orientation 180.00
drill  0.000000
shape_offset  0.000000  0.000000
$EndPAD
$EndMODULE  D4

$MODULE "D3"
reference "D3"
value "PWR"
footprint "Skull_badge:LED_0805"
attribut smd
position 158.695000 92.620500  orientation 0.00
layer front
$PAD "2"
Shape Rect Layer front
position  1.100000  0.000000  size  1.200000  1.200000  orientation 180.00
drill  0.000000
shape_offset  0.000000  0.000000
$EndPAD
$PAD "1"
Shape Rect Layer front
position -1.100000  0.000000  size  1.200000  1.200000  orientation 180.00
drill  0.000000
shape_offset  0.000000  0.000000
$EndPAD
$EndMODULE  D3

$MODULE "D2"
reference "D2"
value "TX"
footprint "Skull_badge:LED_0805"
attribut smd
position 117.500000 81.000000  orientation 180.00
layer front
$PAD "2"
Shape Rect Layer front
position  1.100000  0.000000  size  1.200000  1.200000  orientation -180.00
drill  0.000000
shape_offset  0.000000  0.000000
$EndPAD
$PAD "1"
Shape Rect Layer front
position -1.100000  0.000000  size  1.200000  1.200000  orientation -180.00
drill  0.000000
shape_offset  0.000000  0.000000
$EndPAD
$EndMODULE  D2

$MODULE "D1"
reference "D1"
value "RX"
footprint "Skull_badge:LED_0805"
attribut smd
position 117.500000 79.000000  orientation 180.00
layer front
$PAD "2"
Shape Rect Layer front
position  1.100000  0.000000  size  1.200000  1.200000  orientation -180.00
drill  0.000000
shape_offset  0.000000  0.000000
$EndPAD
$PAD "1"
Shape Rect Layer front
position -1.100000  0.000000  size  1.200000  1.200000  orientation -180.00
drill  0.000000
shape_offset  0.000000  0.000000
$EndPAD
$EndMODULE  D1

$MODULE "SW1"
reference "SW1"
value "RESET"
footprint "Skull_badge:smd_push"
attribut none
position 108.940600 83.286600  orientation 315.00
layer front
$PAD "1"
Shape Rect Layer front
position -3.599181  0.000000  size  1.000760  1.000760  orientation 0.00
drill  0.000000
shape_offset  0.000000  0.000000
$EndPAD
$PAD "2"
Shape Rect Layer front
position  3.599181  0.000000  size  1.000760  1.000760  orientation 0.00
drill  0.000000
shape_offset  0.000000  0.000000
$EndPAD
$EndMODULE  SW1

$MODULE "C7"
reference "C7"
value "10uF"
footprint "Skull_badge:C_0805"
attribut smd
position 149.085300 95.694500  orientation 0.00
layer front
$PAD "1"
Shape Rect Layer front
position -1.000000  0.000000  size  1.000000  1.250000  orientation 0.00
drill  0.000000
shape_offset  0.000000  0.000000
$EndPAD
$PAD "2"
Shape Rect Layer front
position  1.000000  0.000000  size  1.000000  1.250000  orientation 0.00
drill  0.000000
shape_offset  0.000000  0.000000
$EndPAD
$EndMODULE  C7

$MODULE "C11"
reference "C11"
value "1uF"
footprint "Skull_badge:C_0805"
attribut smd
position 150.939500 92.392500  orientation 270.00
layer front
$PAD "1"
Shape Rect Layer front
position -1.000000  0.000000  size  1.000000  1.250000  orientation 0.00
drill  0.000000
shape_offset  0.000000  0.000000
$EndPAD
$PAD "2"
Shape Rect Layer front
position  1.000000  0.000000  size  1.000000  1.250000  orientation 0.00
drill  0.000000
shape_offset  0.000000  0.000000
$EndPAD
$EndMODULE  C11

$MODULE "C12"
reference "C12"
value "10uF"
footprint "Skull_badge:C_0805"
attribut smd
position 141.909800 92.417900  orientation 90.00
layer front
$PAD "1"
Shape Rect Layer front
position -1.000000  0.000000  size  1.000000  1.250000  orientation 0.00
drill  0.000000
shape_offset  0.000000  0.000000
$EndPAD
$PAD "2"
Shape Rect Layer front
position  1.000000  0.000000  size  1.000000  1.250000  orientation 0.00
drill  0.000000
shape_offset  0.000000  0.000000
$EndPAD
$EndMODULE  C12

$MODULE "C13"
reference "C13"
value "10uF"
footprint "Skull_badge:C_0805"
attribut smd
position 139.865100 92.405200  orientation 90.00
layer front
$PAD "1"
Shape Rect Layer front
position -1.000000  0.000000  size  1.000000  1.250000  orientation 0.00
drill  0.000000
shape_offset  0.000000  0.000000
$EndPAD
$PAD "2"
Shape Rect Layer front
position  1.000000  0.000000  size  1.000000  1.250000  orientation 0.00
drill  0.000000
shape_offset  0.000000  0.000000
$EndPAD
$EndMODULE  C13

$MODULE "J3"
reference "J3"
value "TopR"
footprint "Skull_badge:Wire_Pads_1x2_4x3mm_Extended"
attribut none
position 54.927500 50.012600  orientation 45.00
layer front
$PAD "2"
Shape Rect Layer front
position  5.363475 18.073579  size  4.000000  3.000000  orientation 0.00
drill  0.000000
shape_offset  0.000000  0.000000
$EndPAD
$PAD "1"
Shape Rect Layer front
position -5.243126 16.659365  size  4.000000  3.000000  orientation 0.00
drill  0.000000
shape_offset  0.000000  0.000000
$EndPAD
$EndMODULE  J3

$MODULE "J4"
reference "J4"
value "BtmL"
footprint "Skull_badge:Wire_Pads_1x2_4x3mm_Extended"
attribut none
position 189.500000 184.000000  orientation 225.00
layer front
$PAD "2"
Shape Rect Layer front
position  7.500000  0.000000  size  4.000000  3.000000  orientation 0.00
drill  0.000000
shape_offset  0.000000  0.000000
$EndPAD
$PAD "1"
Shape Rect Layer front
position -7.500000  0.000000  size  4.000000  3.000000  orientation 0.00
drill  0.000000
shape_offset  0.000000  0.000000
$EndPAD
$EndMODULE  J4

$MODULE "J5"
reference "J5"
value "BtmR"
footprint "Skull_badge:Wire_Pads_1x2_4x3mm_Extended"
attribut none
position 66.000000 184.250000  orientation 315.00
layer front
$PAD "2"
Shape Rect Layer front
position  7.500000  0.000000  size  4.000000  3.000000  orientation 0.00
drill  0.000000
shape_offset  0.000000  0.000000
$EndPAD
$PAD "1"
Shape Rect Layer front
position -7.500000  0.000000  size  4.000000  3.000000  orientation 0.00
drill  0.000000
shape_offset  0.000000  0.000000
$EndPAD
$EndMODULE  J5

$MODULE "J6"
reference "J6"
value "TopL"
footprint "Skull_badge:Wire_Pads_1x2_4x3mm_Extended"
attribut none
position 199.834500 50.292000  orientation 135.00
layer front
$PAD "2"
Shape Rect Layer front
position  6.983740 -13.641858  size  4.000000  3.000000  orientation 0.00
drill  0.000000
shape_offset  0.000000  0.000000
$EndPAD
$PAD "1"
Shape Rect Layer front
position -5.744182 -13.288304  size  4.000000  3.000000  orientation 0.00
drill  0.000000
shape_offset  0.000000  0.000000
$EndPAD
$EndMODULE  J6

$MODULE "L1"
reference "L1"
value "L"
footprint "Inductors_SMD:L_0805"
attribut smd
position 133.450000 91.600000  orientation 180.00
layer front
$PAD "1"
Shape Rect Layer front
position -0.950000  0.000000  size  0.700000  1.300000  orientation 0.00
drill  0.000000
shape_offset  0.000000  0.000000
$EndPAD
$PAD "2"
Shape Rect Layer front
position  0.950000  0.000000  size  0.700000  1.300000  orientation 0.00
drill  0.000000
shape_offset  0.000000  0.000000
$EndPAD
$EndMODULE  L1

$MODULE "R5"
reference "R5"
value "100"
footprint "Skull_badge:R_0805"
attribut smd
position 148.869400 92.379800  orientation 270.00
layer front
$PAD "1"
Shape Rect Layer front
position -0.950000  0.000000  size  0.700000  1.300000  orientation 0.00
drill  0.000000
shape_offset  0.000000  0.000000
$EndPAD
$PAD "2"
Shape Rect Layer front
position  0.950000  0.000000  size  0.700000  1.300000  orientation 0.00
drill  0.000000
shape_offset  0.000000  0.000000
$EndPAD
$EndMODULE  R5

$MODULE "U2"
reference "U2"
value "TPS63002"
footprint "Housings_SON:VSON-10-1EP_3x3mm_Pitch0.5mm_ThermalPad"
attribut smd
position 145.214900 92.373700  orientation 90.00
layer front
$PAD "1"
Shape Rect Layer front
position -1.475000 -1.000000  size  0.850000  0.280000  orientation 0.00
drill  0.000000
shape_offset  0.000000  0.000000
$EndPAD
$PAD "2"
Shape Rect Layer front
position -1.475000 -0.500000  size  0.850000  0.280000  orientation 0.00
drill  0.000000
shape_offset  0.000000  0.000000
$EndPAD
$PAD "3"
Shape Rect Layer front
position -1.475000  0.000000  size  0.850000  0.280000  orientation 0.00
drill  0.000000
shape_offset  0.000000  0.000000
$EndPAD
$PAD "4"
Shape Rect Layer front
position -1.475000  0.500000  size  0.850000  0.280000  orientation 0.00
drill  0.000000
shape_offset  0.000000  0.000000
$EndPAD
$PAD "5"
Shape Rect Layer front
position -1.475000  1.000000  size  0.850000  0.280000  orientation 0.00
drill  0.000000
shape_offset  0.000000  0.000000
$EndPAD
$PAD "6"
Shape Rect Layer front
position  1.475000  1.000000  size  0.850000  0.280000  orientation 0.00
drill  0.000000
shape_offset  0.000000  0.000000
$EndPAD
$PAD "7"
Shape Rect Layer front
position  1.475000  0.500000  size  0.850000  0.280000  orientation 0.00
drill  0.000000
shape_offset  0.000000  0.000000
$EndPAD
$PAD "8"
Shape Rect Layer front
position  1.475000  0.000000  size  0.850000  0.280000  orientation 0.00
drill  0.000000
shape_offset  0.000000  0.000000
$EndPAD
$PAD "9"
Shape Rect Layer front
position  1.475000 -0.500000  size  0.850000  0.280000  orientation 0.00
drill  0.000000
shape_offset  0.000000  0.000000
$EndPAD
$PAD "10"
Shape Rect Layer front
position  1.475000 -1.000000  size  0.850000  0.280000  orientation 0.00
drill  0.000000
shape_offset  0.000000  0.000000
$EndPAD
$PAD "11"
Shape Rect Layer front
position -0.412500 -0.600000  size  0.825000  1.200000  orientation 0.00
drill  0.000000
shape_offset  0.000000  0.000000
$EndPAD
$PAD "11"
Shape Rect Layer front
position -0.412500  0.600000  size  0.825000  1.200000  orientation 0.00
drill  0.000000
shape_offset  0.000000  0.000000
$EndPAD
$PAD "11"
Shape Rect Layer front
position  0.412500 -0.600000  size  0.825000  1.200000  orientation 0.00
drill  0.000000
shape_offset  0.000000  0.000000
$EndPAD
$PAD "11"
Shape Rect Layer front
position  0.412500  0.600000  size  0.825000  1.200000  orientation 0.00
drill  0.000000
shape_offset  0.000000  0.000000
$EndPAD
$PAD "11"
Shape Rect Layer front
position -0.250000 -1.550000  size  0.280000  0.700000  orientation 0.00
drill  0.000000
shape_offset  0.000000  0.000000
$EndPAD
$PAD "11"
Shape Rect Layer front
position -0.250000  1.550000  size  0.280000  0.700000  orientation 0.00
drill  0.000000
shape_offset  0.000000  0.000000
$EndPAD
$PAD "11"
Shape Rect Layer front
position  0.250000 -1.550000  size  0.280000  0.700000  orientation 0.00
drill  0.000000
shape_offset  0.000000  0.000000
$EndPAD
$PAD "11"
Shape Rect Layer front
position  0.250000  1.550000  size  0.280000  0.700000  orientation 0.00
drill  0.000000
shape_offset  0.000000  0.000000
$EndPAD
$PAD "11"
Shape Circle Layer both
position -0.500000 -0.750000  size  0.600000  0.600000  orientation 0.00
drill  0.300000
shape_offset  0.000000  0.000000
$EndPAD
$PAD "11"
Shape Circle Layer both
position -0.500000  0.750000  size  0.600000  0.600000  orientation 0.00
drill  0.300000
shape_offset  0.000000  0.000000
$EndPAD
$PAD "11"
Shape Circle Layer both
position  0.500000 -0.750000  size  0.600000  0.600000  orientation 0.00
drill  0.300000
shape_offset  0.000000  0.000000
$EndPAD
$PAD "11"
Shape Circle Layer both
position  0.500000  0.750000  size  0.600000  0.600000  orientation 0.00
drill  0.300000
shape_offset  0.000000  0.000000
$EndPAD
$PAD "11"
Shape Circle Layer both
position  0.000000  0.000000  size  0.600000  0.600000  orientation 0.00
drill  0.300000
shape_offset  0.000000  0.000000
$EndPAD
$EndMODULE  U2

$MODULE "U5"
reference "U5"
value "LOGO"
footprint "Skull_badge:Skull18_150x150"
attribut none
position 126.873000 121.031000  orientation 180.00
layer back
$EndMODULE  U5

$MODULE "J8"
reference "J8"
value "SPI"
footprint "Pin_Headers:Pin_Header_Straight_1x03_Pitch2.54mm"
attribut none
position 102.920800 103.759000  orientation 180.00
layer front
$PAD "1"
Shape Rect Layer both
position  0.000000  0.000000  size  1.700000  1.700000  orientation 0.00
drill  1.000000
shape_offset  0.000000  0.000000
$EndPAD
$PAD "2"
Shape Oval Layer both
position  0.000000  2.540000  size  1.700000  1.700000  orientation 0.00
drill  1.000000
shape_offset  0.000000  0.000000
$EndPAD
$PAD "3"
Shape Oval Layer both
position  0.000000  5.080000  size  1.700000  1.700000  orientation 0.00
drill  1.000000
shape_offset  0.000000  0.000000
$EndPAD
$EndMODULE  J8

$MODULE "L2"
reference "L2"
value "2.2uH"
footprint "Skull_badge:VLF4012A"
attribut none
position 144.678400 96.469200  orientation 180.00
layer front
$PAD "1"
Shape Rect Layer front
position -1.900000  0.000000  size  0.900000  1.300000  orientation 0.00
drill  0.000000
shape_offset  0.000000  0.000000
$EndPAD
$PAD "2"
Shape Rect Layer front
position  1.900000  0.000000  size  0.900000  1.300000  orientation 0.00
drill  0.000000
shape_offset  0.000000  0.000000
$EndPAD
$EndMODULE  L2

$MODULE "REF**"
reference "REF**"
value "Motor_Mount_Holes"
footprint "Skull_badge:Motor_Mount_Holes"
attribut none
position 199.750000 194.750000  orientation 45.00
layer front
$EndMODULE  REF**

$MODULE "G***"
reference "G***"
value "LOGO"
footprint "Graphics:Firefly"
attribut none
position 140.229113 148.932157  orientation 0.00
layer front
$EndMODULE  G***

$MODULE "C31"
reference "C31"
value "10uF"
footprint "Skull_badge:C_0805"
attribut smd
position 122.200000 160.800000  orientation 270.00
layer front
$PAD "1"
Shape Rect Layer front
position -1.000000  0.000000  size  1.000000  1.250000  orientation 0.00
drill  0.000000
shape_offset  0.000000  0.000000
$EndPAD
$PAD "2"
Shape Rect Layer front
position  1.000000  0.000000  size  1.000000  1.250000  orientation 0.00
drill  0.000000
shape_offset  0.000000  0.000000
$EndPAD
$EndMODULE  C31

$MODULE "C32"
reference "C32"
value "10uF"
footprint "Skull_badge:C_0805"
attribut smd
position 123.100000 163.600000  orientation 0.00
layer front
$PAD "1"
Shape Rect Layer front
position -1.000000  0.000000  size  1.000000  1.250000  orientation 0.00
drill  0.000000
shape_offset  0.000000  0.000000
$EndPAD
$PAD "2"
Shape Rect Layer front
position  1.000000  0.000000  size  1.000000  1.250000  orientation 0.00
drill  0.000000
shape_offset  0.000000  0.000000
$EndPAD
$EndMODULE  C32

$MODULE "U3"
reference "U3"
value "AZ1117-3.3"
footprint "TO_SOT_Packages_SMD:SOT-223_edit"
attribut smd
position 116.002000 162.600000  orientation 90.00
layer front
$PAD "2"
Shape Rect Layer front
position  0.000000 -3.302000  size  3.657600  2.032000  orientation 0.00
drill  0.000000
shape_offset  0.000000  0.000000
$EndPAD
$PAD "2"
Shape Rect Layer front
position  0.000000  3.302000  size  1.016000  2.032000  orientation 0.00
drill  0.000000
shape_offset  0.000000  0.000000
$EndPAD
$PAD "3"
Shape Rect Layer front
position  2.286000  3.302000  size  1.016000  2.032000  orientation 0.00
drill  0.000000
shape_offset  0.000000  0.000000
$EndPAD
$PAD "1"
Shape Rect Layer front
position -2.286000  3.302000  size  1.016000  2.032000  orientation 0.00
drill  0.000000
shape_offset  0.000000  0.000000
$EndPAD
$EndMODULE  U3

$MODULE "G***"
reference "G***"
value "LOGO"
footprint "Skull_badge:force"
attribut none
position 158.200000 115.250000  orientation 0.00
layer front
$EndMODULE  G***

$MODULE "U19"
reference "U19"
value "WS2812B"
footprint "LEDs:LED_WS2812B-PLCC4_LG_PADS"
attribut smd
position 77.118000 71.094000  orientation 45.00
layer back
$PAD "3"
Shape Rect Layer back
position  2.500000 -2.100000  size  2.000000  2.000000  orientation 0.00
drill  0.000000
shape_offset  0.000000  0.000000
$EndPAD
$PAD "4"
Shape Rect Layer back
position  2.600001  2.200000  size  2.000000  2.000000  orientation 0.00
drill  0.000000
shape_offset  0.000000  0.000000
$EndPAD
$PAD "2"
Shape Rect Layer back
position -2.500000 -2.100000  size  2.000000  2.000000  orientation 0.00
drill  0.000000
shape_offset  0.000000  0.000000
$EndPAD
$PAD "1"
Shape Rect Layer back
position -2.600000  2.300000  size  2.000000  2.000000  orientation 0.00
drill  0.000000
shape_offset  0.000000  0.000000
$EndPAD
$EndMODULE  U19

$MODULE "U15"
reference "U15"
value "WS2812B"
footprint "LEDs:LED_WS2812B-PLCC4_LG_PADS"
attribut smd
position 83.722000 77.698000  orientation 45.00
layer back
$PAD "3"
Shape Rect Layer back
position  2.500000 -2.100000  size  2.000000  2.000000  orientation 0.00
drill  0.000000
shape_offset  0.000000  0.000000
$EndPAD
$PAD "4"
Shape Rect Layer back
position  2.600001  2.200000  size  2.000000  2.000000  orientation 0.00
drill  0.000000
shape_offset  0.000000  0.000000
$EndPAD
$PAD "2"
Shape Rect Layer back
position -2.500000 -2.100000  size  2.000000  2.000000  orientation 0.00
drill  0.000000
shape_offset  0.000000  0.000000
$EndPAD
$PAD "1"
Shape Rect Layer back
position -2.600000  2.300000  size  2.000000  2.000000  orientation 0.00
drill  0.000000
shape_offset  0.000000  0.000000
$EndPAD
$EndMODULE  U15

$MODULE "U11"
reference "U11"
value "WS2812B"
footprint "LEDs:LED_WS2812B-PLCC4_LG_PADS"
attribut smd
position 90.326000 84.810000  orientation 45.00
layer back
$PAD "3"
Shape Rect Layer back
position  2.500000 -2.100000  size  2.000000  2.000000  orientation 0.00
drill  0.000000
shape_offset  0.000000  0.000000
$EndPAD
$PAD "4"
Shape Rect Layer back
position  2.600001  2.200000  size  2.000000  2.000000  orientation 0.00
drill  0.000000
shape_offset  0.000000  0.000000
$EndPAD
$PAD "2"
Shape Rect Layer back
position -2.500000 -2.100000  size  2.000000  2.000000  orientation 0.00
drill  0.000000
shape_offset  0.000000  0.000000
$EndPAD
$PAD "1"
Shape Rect Layer back
position -2.600000  2.300000  size  2.000000  2.000000  orientation 0.00
drill  0.000000
shape_offset  0.000000  0.000000
$EndPAD
$EndMODULE  U11

$MODULE "U24"
reference "U24"
value "WS2812B"
footprint "LEDs:LED_WS2812B-PLCC4_LG_PADS"
attribut smd
position 184.814000 63.474000  orientation 315.00
layer back
$PAD "3"
Shape Rect Layer back
position  2.500000 -2.100000  size  2.000000  2.000000  orientation 0.00
drill  0.000000
shape_offset  0.000000  0.000000
$EndPAD
$PAD "4"
Shape Rect Layer back
position  2.600001  2.200000  size  2.000000  2.000000  orientation 0.00
drill  0.000000
shape_offset  0.000000  0.000000
$EndPAD
$PAD "2"
Shape Rect Layer back
position -2.500000 -2.100000  size  2.000000  2.000000  orientation 0.00
drill  0.000000
shape_offset  0.000000  0.000000
$EndPAD
$PAD "1"
Shape Rect Layer back
position -2.600000  2.300000  size  2.000000  2.000000  orientation 0.00
drill  0.000000
shape_offset  0.000000  0.000000
$EndPAD
$EndMODULE  U24

$MODULE "U20"
reference "U20"
value "WS2812B"
footprint "LEDs:LED_WS2812B-PLCC4_LG_PADS"
attribut smd
position 176.178000 71.094000  orientation 315.00
layer back
$PAD "3"
Shape Rect Layer back
position  2.500000 -2.100000  size  2.000000  2.000000  orientation 0.00
drill  0.000000
shape_offset  0.000000  0.000000
$EndPAD
$PAD "4"
Shape Rect Layer back
position  2.600001  2.200000  size  2.000000  2.000000  orientation 0.00
drill  0.000000
shape_offset  0.000000  0.000000
$EndPAD
$PAD "2"
Shape Rect Layer back
position -2.500000 -2.100000  size  2.000000  2.000000  orientation 0.00
drill  0.000000
shape_offset  0.000000  0.000000
$EndPAD
$PAD "1"
Shape Rect Layer back
position -2.600000  2.300000  size  2.000000  2.000000  orientation 0.00
drill  0.000000
shape_offset  0.000000  0.000000
$EndPAD
$EndMODULE  U20

$MODULE "U16"
reference "U16"
value "WS2812B"
footprint "LEDs:LED_WS2812B-PLCC4_LG_PADS"
attribut smd
position 168.558000 78.714000  orientation 315.00
layer back
$PAD "3"
Shape Rect Layer back
position  2.500000 -2.100000  size  2.000000  2.000000  orientation 0.00
drill  0.000000
shape_offset  0.000000  0.000000
$EndPAD
$PAD "4"
Shape Rect Layer back
position  2.600001  2.200000  size  2.000000  2.000000  orientation 0.00
drill  0.000000
shape_offset  0.000000  0.000000
$EndPAD
$PAD "2"
Shape Rect Layer back
position -2.500000 -2.100000  size  2.000000  2.000000  orientation 0.00
drill  0.000000
shape_offset  0.000000  0.000000
$EndPAD
$PAD "1"
Shape Rect Layer back
position -2.600000  2.300000  size  2.000000  2.000000  orientation 0.00
drill  0.000000
shape_offset  0.000000  0.000000
$EndPAD
$EndMODULE  U16

$MODULE "U22"
reference "U22"
value "WS2812B"
footprint "LEDs:LED_WS2812B-PLCC4_LG_PADS"
attribut smd
position 182.274000 176.250000  orientation 225.00
layer back
$PAD "3"
Shape Rect Layer back
position  2.500000 -2.100000  size  2.000000  2.000000  orientation 0.00
drill  0.000000
shape_offset  0.000000  0.000000
$EndPAD
$PAD "4"
Shape Rect Layer back
position  2.600001  2.200000  size  2.000000  2.000000  orientation 0.00
drill  0.000000
shape_offset  0.000000  0.000000
$EndPAD
$PAD "2"
Shape Rect Layer back
position -2.500000 -2.100000  size  2.000000  2.000000  orientation 0.00
drill  0.000000
shape_offset  0.000000  0.000000
$EndPAD
$PAD "1"
Shape Rect Layer back
position -2.600000  2.300000  size  2.000000  2.000000  orientation 0.00
drill  0.000000
shape_offset  0.000000  0.000000
$EndPAD
$EndMODULE  U22

$MODULE "U18"
reference "U18"
value "WS2812B"
footprint "LEDs:LED_WS2812B-PLCC4_LG_PADS"
attribut smd
position 174.654000 168.630000  orientation 225.00
layer back
$PAD "3"
Shape Rect Layer back
position  2.500000 -2.100000  size  2.000000  2.000000  orientation 0.00
drill  0.000000
shape_offset  0.000000  0.000000
$EndPAD
$PAD "4"
Shape Rect Layer back
position  2.600001  2.200000  size  2.000000  2.000000  orientation 0.00
drill  0.000000
shape_offset  0.000000  0.000000
$EndPAD
$PAD "2"
Shape Rect Layer back
position -2.500000 -2.100000  size  2.000000  2.000000  orientation 0.00
drill  0.000000
shape_offset  0.000000  0.000000
$EndPAD
$PAD "1"
Shape Rect Layer back
position -2.600000  2.300000  size  2.000000  2.000000  orientation 0.00
drill  0.000000
shape_offset  0.000000  0.000000
$EndPAD
$EndMODULE  U18

$MODULE "U14"
reference "U14"
value "WS2812B"
footprint "LEDs:LED_WS2812B-PLCC4_LG_PADS"
attribut smd
position 166.018000 160.502000  orientation 225.00
layer back
$PAD "3"
Shape Rect Layer back
position  2.500000 -2.100000  size  2.000000  2.000000  orientation 0.00
drill  0.000000
shape_offset  0.000000  0.000000
$EndPAD
$PAD "4"
Shape Rect Layer back
position  2.600001  2.200000  size  2.000000  2.000000  orientation 0.00
drill  0.000000
shape_offset  0.000000  0.000000
$EndPAD
$PAD "2"
Shape Rect Layer back
position -2.500000 -2.100000  size  2.000000  2.000000  orientation 0.00
drill  0.000000
shape_offset  0.000000  0.000000
$EndPAD
$PAD "1"
Shape Rect Layer back
position -2.600000  2.300000  size  2.000000  2.000000  orientation 0.00
drill  0.000000
shape_offset  0.000000  0.000000
$EndPAD
$EndMODULE  U14

$MODULE "U10"
reference "U10"
value "WS2812B"
footprint "LEDs:LED_WS2812B-PLCC4_LG_PADS"
attribut smd
position 158.398000 152.882000  orientation 225.00
layer back
$PAD "3"
Shape Rect Layer back
position  2.500000 -2.100000  size  2.000000  2.000000  orientation 0.00
drill  0.000000
shape_offset  0.000000  0.000000
$EndPAD
$PAD "4"
Shape Rect Layer back
position  2.600001  2.200000  size  2.000000  2.000000  orientation 0.00
drill  0.000000
shape_offset  0.000000  0.000000
$EndPAD
$PAD "2"
Shape Rect Layer back
position -2.500000 -2.100000  size  2.000000  2.000000  orientation 0.00
drill  0.000000
shape_offset  0.000000  0.000000
$EndPAD
$PAD "1"
Shape Rect Layer back
position -2.600000  2.300000  size  2.000000  2.000000  orientation 0.00
drill  0.000000
shape_offset  0.000000  0.000000
$EndPAD
$EndMODULE  U10

$MODULE "U9"
reference "U9"
value "WS2812B"
footprint "LEDs:LED_WS2812B-PLCC4_LG_PADS"
attribut smd
position 92.358000 152.882000  orientation 135.00
layer back
$PAD "3"
Shape Rect Layer back
position  2.500000 -2.100000  size  2.000000  2.000000  orientation 0.00
drill  0.000000
shape_offset  0.000000  0.000000
$EndPAD
$PAD "4"
Shape Rect Layer back
position  2.600001  2.200000  size  2.000000  2.000000  orientation 0.00
drill  0.000000
shape_offset  0.000000  0.000000
$EndPAD
$PAD "2"
Shape Rect Layer back
position -2.500000 -2.100000  size  2.000000  2.000000  orientation 0.00
drill  0.000000
shape_offset  0.000000  0.000000
$EndPAD
$PAD "1"
Shape Rect Layer back
position -2.600000  2.300000  size  2.000000  2.000000  orientation 0.00
drill  0.000000
shape_offset  0.000000  0.000000
$EndPAD
$EndMODULE  U9

$MODULE "U13"
reference "U13"
value "WS2812B"
footprint "LEDs:LED_WS2812B-PLCC4_LG_PADS"
attribut smd
position 85.246000 159.486000  orientation 135.00
layer back
$PAD "3"
Shape Rect Layer back
position  2.500000 -2.100000  size  2.000000  2.000000  orientation 0.00
drill  0.000000
shape_offset  0.000000  0.000000
$EndPAD
$PAD "4"
Shape Rect Layer back
position  2.600001  2.200000  size  2.000000  2.000000  orientation 0.00
drill  0.000000
shape_offset  0.000000  0.000000
$EndPAD
$PAD "2"
Shape Rect Layer back
position -2.500000 -2.100000  size  2.000000  2.000000  orientation 0.00
drill  0.000000
shape_offset  0.000000  0.000000
$EndPAD
$PAD "1"
Shape Rect Layer back
position -2.600000  2.300000  size  2.000000  2.000000  orientation 0.00
drill  0.000000
shape_offset  0.000000  0.000000
$EndPAD
$EndMODULE  U13

$MODULE "U17"
reference "U17"
value "WS2812B"
footprint "LEDs:LED_WS2812B-PLCC4_LG_PADS"
attribut smd
position 77.118000 167.106000  orientation 135.00
layer back
$PAD "3"
Shape Rect Layer back
position  2.500000 -2.100000  size  2.000000  2.000000  orientation 0.00
drill  0.000000
shape_offset  0.000000  0.000000
$EndPAD
$PAD "4"
Shape Rect Layer back
position  2.600001  2.200000  size  2.000000  2.000000  orientation 0.00
drill  0.000000
shape_offset  0.000000  0.000000
$EndPAD
$PAD "2"
Shape Rect Layer back
position -2.500000 -2.100000  size  2.000000  2.000000  orientation 0.00
drill  0.000000
shape_offset  0.000000  0.000000
$EndPAD
$PAD "1"
Shape Rect Layer back
position -2.600000  2.300000  size  2.000000  2.000000  orientation 0.00
drill  0.000000
shape_offset  0.000000  0.000000
$EndPAD
$EndMODULE  U17

$MODULE "U21"
reference "U21"
value "WS2812B"
footprint "LEDs:LED_WS2812B-PLCC4_LG_PADS"
attribut smd
position 69.498000 174.218000  orientation 135.00
layer back
$PAD "3"
Shape Rect Layer back
position  2.500000 -2.100000  size  2.000000  2.000000  orientation 0.00
drill  0.000000
shape_offset  0.000000  0.000000
$EndPAD
$PAD "4"
Shape Rect Layer back
position  2.600001  2.200000  size  2.000000  2.000000  orientation 0.00
drill  0.000000
shape_offset  0.000000  0.000000
$EndPAD
$PAD "2"
Shape Rect Layer back
position -2.500000 -2.100000  size  2.000000  2.000000  orientation 0.00
drill  0.000000
shape_offset  0.000000  0.000000
$EndPAD
$PAD "1"
Shape Rect Layer back
position -2.600000  2.300000  size  2.000000  2.000000  orientation 0.00
drill  0.000000
shape_offset  0.000000  0.000000
$EndPAD
$EndMODULE  U21

$MODULE "R22"
reference "R22"
value "0"
footprint "Resistors_SMD:R_0805"
attribut smd
position 143.254113 99.882157  orientation 0.00
layer front
$PAD "1"
Shape Rect Layer front
position -0.950000  0.000000  size  0.700000  1.300000  orientation 0.00
drill  0.000000
shape_offset  0.000000  0.000000
$EndPAD
$PAD "2"
Shape Rect Layer front
position  0.950000  0.000000  size  0.700000  1.300000  orientation 0.00
drill  0.000000
shape_offset  0.000000  0.000000
$EndPAD
$EndMODULE  R22

$MODULE "SW2"
reference "SW2"
value "ARD_SW"
footprint "Buttons_Switches_SMD:SW_SPDT_PCM12"
attribut smd
position 165.004113 89.532157  orientation 47.20
layer front
$PAD ""
Shape Circle Layer both
position -1.500000  0.325000  size  0.900000  0.900000  orientation 0.00
drill  0.900000
shape_offset  0.000000  0.000000
$EndPAD
$PAD ""
Shape Circle Layer both
position  1.500000  0.325000  size  0.900000  0.900000  orientation 0.00
drill  0.900000
shape_offset  0.000000  0.000000
$EndPAD
$PAD "1"
Shape Rect Layer front
position -2.250000 -1.425000  size  0.700000  1.500000  orientation 0.00
drill  0.000000
shape_offset  0.000000  0.000000
$EndPAD
$PAD "2"
Shape Rect Layer front
position  0.750000 -1.425000  size  0.700000  1.500000  orientation 0.00
drill  0.000000
shape_offset  0.000000  0.000000
$EndPAD
$PAD "3"
Shape Rect Layer front
position  2.250000 -1.425000  size  0.700000  1.500000  orientation 0.00
drill  0.000000
shape_offset  0.000000  0.000000
$EndPAD
$PAD ""
Shape Rect Layer front
position -3.650000  1.425000  size  1.000000  0.800000  orientation 0.00
drill  0.000000
shape_offset  0.000000  0.000000
$EndPAD
$PAD ""
Shape Rect Layer front
position  3.650000  1.425000  size  1.000000  0.800000  orientation 0.00
drill  0.000000
shape_offset  0.000000  0.000000
$EndPAD
$PAD ""
Shape Rect Layer front
position  3.650000 -0.775000  size  1.000000  0.800000  orientation 0.00
drill  0.000000
shape_offset  0.000000  0.000000
$EndPAD
$PAD ""
Shape Rect Layer front
position -3.650000 -0.775000  size  1.000000  0.800000  orientation 0.00
drill  0.000000
shape_offset  0.000000  0.000000
$EndPAD
$EndMODULE  SW2

$MODULE "R23"
reference "R23"
value "0"
footprint "Resistors_SMD:R_0805"
attribut smd
position 140.929113 102.832157  orientation 90.00
layer front
$PAD "1"
Shape Rect Layer front
position -0.950000  0.000000  size  0.700000  1.300000  orientation 0.00
drill  0.000000
shape_offset  0.000000  0.000000
$EndPAD
$PAD "2"
Shape Rect Layer front
position  0.950000  0.000000  size  0.700000  1.300000  orientation 0.00
drill  0.000000
shape_offset  0.000000  0.000000
$EndPAD
$EndMODULE  R23

$MODULE "G***"
reference "G***"
value "LOGO"
footprint "Graphics:For_Love_&_Drones_No_Text"
attribut none
position 124.109113 129.472157  orientation 0.00
layer front
$EndMODULE  G***

$EndDESCRIPTION
